<?xml version="1.0" encoding="UTF-8"?>
<testsuite name="PasswordCheckerTest" tests="7" skipped="0" failures="0" errors="0" timestamp="2020-02-21T14:07:55" hostname="recruit-ThinkCentre-M73" time="0.023">
  <properties/>
  <testcase name="passwordDigits()" classname="PasswordCheckerTest" time="0.009"/>
  <testcase name="passwordLength()" classname="PasswordCheckerTest" time="0.002"/>
  <testcase name="passwordLowercase()" classname="PasswordCheckerTest" time="0.001"/>
  <testcase name="passwordUppercase()" classname="PasswordCheckerTest" time="0.001"/>
  <testcase name="passwordExist()" classname="PasswordCheckerTest" time="0.001"/>
  <testcase name="passwordIsOk()" classname="PasswordCheckerTest" time="0.001"/>
  <testcase name="passwordSpecialChar()" classname="PasswordCheckerTest" time="0.001"/>
  <system-out><![CDATA[]]></system-out>
  <system-err><![CDATA[]]></system-err>
</testsuite>
